Build started 12/10/2018 2:33:49 PM.
     1>Project "C:\Users\USER\Desktop\1712896\1712896\1712896.vcxproj" on node 2 (Build target(s)).
     1>ClCompile:
         C:\Program Files (x86)\Microsoft Visual Studio 12.0\VC\bin\CL.exe /c /ZI /nologo /W3 /WX- /Od /Oy- /D WIN32 /D _DEBUG /D _CONSOLE /D _LIB /D _UNICODE /D UNICODE /Gm /EHsc /RTC1 /MDd /GS /fp:precise /Zc:wchar_t /Zc:forScope /Fo"Debug\\" /Fd"Debug\vc120.pdb" /Gd /TP /analyze- /errorReport:prompt Main.cpp Source.cpp
         Source.cpp
     1>c:\users\user\desktop\1712896\1712896\source.cpp(176): warning C4018: '<' : signed/unsigned mismatch
     1>c:\users\user\desktop\1712896\1712896\source.cpp(209): warning C4018: '<' : signed/unsigned mismatch
     1>c:\users\user\desktop\1712896\1712896\source.cpp(628): warning C4018: '<' : signed/unsigned mismatch
     1>c:\users\user\desktop\1712896\1712896\source.cpp(687): warning C4018: '<' : signed/unsigned mismatch
     1>c:\users\user\desktop\1712896\1712896\source.cpp(801): warning C4018: '<' : signed/unsigned mismatch
     1>c:\users\user\desktop\1712896\1712896\source.cpp(810): warning C4018: '<' : signed/unsigned mismatch
     1>c:\users\user\desktop\1712896\1712896\source.cpp(847): warning C4018: '<' : signed/unsigned mismatch
     1>c:\users\user\desktop\1712896\1712896\source.cpp(884): warning C4018: '<' : signed/unsigned mismatch
     1>c:\users\user\desktop\1712896\1712896\source.cpp(893): warning C4018: '<' : signed/unsigned mismatch
     1>c:\users\user\desktop\1712896\1712896\source.cpp(910): warning C4018: '<' : signed/unsigned mismatch
     1>c:\users\user\desktop\1712896\1712896\source.cpp(919): warning C4018: '<' : signed/unsigned mismatch
     1>c:\users\user\desktop\1712896\1712896\source.cpp(939): warning C4018: '<' : signed/unsigned mismatch
     1>c:\users\user\desktop\1712896\1712896\source.cpp(964): warning C4018: '<' : signed/unsigned mismatch
         Main.cpp
         Generating Code...
     1>c:\users\user\desktop\1712896\1712896\source.cpp(695): warning C4717: 'operator+' : recursive on all control paths, function will cause runtime stack overflow
       Link:
         C:\Program Files (x86)\Microsoft Visual Studio 12.0\VC\bin\link.exe /ERRORREPORT:PROMPT /OUT:"C:\Users\USER\Desktop\1712896\Debug\1712896.exe" /INCREMENTAL /NOLOGO kernel32.lib user32.lib gdi32.lib winspool.lib comdlg32.lib advapi32.lib shell32.lib ole32.lib oleaut32.lib uuid.lib odbc32.lib odbccp32.lib /MANIFEST /MANIFESTUAC:"level='asInvoker' uiAccess='false'" /manifest:embed /DEBUG /PDB:"C:\Users\USER\Desktop\1712896\Debug\1712896.pdb" /SUBSYSTEM:CONSOLE /TLBID:1 /DYNAMICBASE /NXCOMPAT /IMPLIB:"C:\Users\USER\Desktop\1712896\Debug\1712896.lib" /MACHINE:X86 Debug\Main.obj
         Debug\Source.obj
         1712896.vcxproj -> C:\Users\USER\Desktop\1712896\Debug\1712896.exe
     1>Done Building Project "C:\Users\USER\Desktop\1712896\1712896\1712896.vcxproj" (Build target(s)).

Build succeeded.

Time Elapsed 00:00:11.54
